<?xml version="1.0" encoding="UTF-8"?>
<coverage generated="1680017902196" clover="3.2.0">
  <project timestamp="1680017902196" name="All files">
    <metrics statements="75" coveredstatements="71" conditionals="38" coveredconditionals="34" methods="19" coveredmethods="19" elements="132" coveredelements="124" complexity="0" loc="75" ncloc="75" packages="2" files="7" classes="7"/>
    <package name="src">
      <metrics statements="29" coveredstatements="28" conditionals="15" coveredconditionals="14" methods="6" coveredmethods="6"/>
      <file name="buildTree.js" path="/home/elena/frontend-project-46/src/buildTree.js">
        <metrics statements="15" coveredstatements="15" conditionals="10" coveredconditionals="10" methods="2" coveredmethods="2"/>
        <line num="3" count="1" type="stmt"/>
        <line num="4" count="40" type="stmt"/>
        <line num="5" count="40" type="stmt"/>
        <line num="6" count="40" type="stmt"/>
        <line num="8" count="40" type="stmt"/>
        <line num="9" count="144" type="cond" truecount="4" falsecount="0"/>
        <line num="10" count="32" type="stmt"/>
        <line num="12" count="112" type="cond" truecount="2" falsecount="0"/>
        <line num="13" count="16" type="stmt"/>
        <line num="15" count="96" type="cond" truecount="2" falsecount="0"/>
        <line num="16" count="40" type="stmt"/>
        <line num="18" count="56" type="cond" truecount="2" falsecount="0"/>
        <line num="19" count="32" type="stmt"/>
        <line num="23" count="24" type="stmt"/>
        <line num="25" count="40" type="stmt"/>
      </file>
      <file name="index.js" path="/home/elena/frontend-project-46/src/index.js">
        <metrics statements="9" coveredstatements="9" conditionals="1" coveredconditionals="1" methods="3" coveredmethods="3"/>
        <line num="8" count="16" type="stmt"/>
        <line num="9" count="16" type="stmt"/>
        <line num="12" count="8" type="stmt"/>
        <line num="13" count="8" type="stmt"/>
        <line num="14" count="8" type="stmt"/>
        <line num="15" count="8" type="stmt"/>
        <line num="16" count="8" type="stmt"/>
        <line num="17" count="8" type="stmt"/>
        <line num="18" count="8" type="stmt"/>
      </file>
      <file name="parsers.js" path="/home/elena/frontend-project-46/src/parsers.js">
        <metrics statements="5" coveredstatements="4" conditionals="4" coveredconditionals="3" methods="1" coveredmethods="1"/>
        <line num="3" count="1" type="stmt"/>
        <line num="4" count="16" type="cond" truecount="3" falsecount="1"/>
        <line num="7" count="8" type="stmt"/>
        <line num="9" count="8" type="stmt"/>
        <line num="11" count="0" type="stmt"/>
      </file>
    </package>
    <package name="src.formatters">
      <metrics statements="46" coveredstatements="43" conditionals="23" coveredconditionals="20" methods="13" coveredmethods="13"/>
      <file name="index.js" path="/home/elena/frontend-project-46/src/formatters/index.js">
        <metrics statements="5" coveredstatements="4" conditionals="4" coveredconditionals="3" methods="1" coveredmethods="1"/>
        <line num="6" count="8" type="cond" truecount="3" falsecount="1"/>
        <line num="8" count="4" type="stmt"/>
        <line num="10" count="2" type="stmt"/>
        <line num="12" count="2" type="stmt"/>
        <line num="14" count="0" type="stmt"/>
      </file>
      <file name="json.js" path="/home/elena/frontend-project-46/src/formatters/json.js">
        <metrics statements="1" coveredstatements="1" conditionals="0" coveredconditionals="0" methods="1" coveredmethods="1"/>
        <line num="1" count="2" type="stmt"/>
      </file>
      <file name="plain.js" path="/home/elena/frontend-project-46/src/formatters/plain.js">
        <metrics statements="19" coveredstatements="18" conditionals="10" coveredconditionals="9" methods="5" coveredmethods="5"/>
        <line num="3" count="1" type="stmt"/>
        <line num="4" count="26" type="cond" truecount="2" falsecount="0"/>
        <line num="5" count="6" type="stmt"/>
        <line num="7" count="20" type="cond" truecount="2" falsecount="0"/>
        <line num="8" count="14" type="stmt"/>
        <line num="10" count="6" type="stmt"/>
        <line num="13" count="1" type="cond" truecount="1" falsecount="0"/>
        <line num="14" count="10" type="stmt"/>
        <line num="15" count="36" type="stmt"/>
        <line num="19" count="30" type="stmt"/>
        <line num="20" count="30" type="stmt"/>
        <line num="21" count="30" type="cond" truecount="4" falsecount="1"/>
        <line num="23" count="8" type="stmt"/>
        <line num="26" count="4" type="stmt"/>
        <line num="29" count="10" type="stmt"/>
        <line num="32" count="8" type="stmt"/>
        <line num="35" count="0" type="stmt"/>
        <line num="38" count="10" type="stmt"/>
        <line num="41" count="2" type="stmt"/>
      </file>
      <file name="stylish.js" path="/home/elena/frontend-project-46/src/formatters/stylish.js">
        <metrics statements="21" coveredstatements="20" conditionals="9" coveredconditionals="8" methods="6" coveredmethods="6"/>
        <line num="3" count="1" type="stmt"/>
        <line num="4" count="1" type="stmt"/>
        <line num="5" count="1" type="stmt"/>
        <line num="7" count="168" type="stmt"/>
        <line num="9" count="1" type="stmt"/>
        <line num="10" count="108" type="cond" truecount="2" falsecount="0"/>
        <line num="11" count="80" type="stmt"/>
        <line num="13" count="28" type="stmt"/>
        <line num="15" count="36" type="stmt"/>
        <line num="16" count="28" type="stmt"/>
        <line num="19" count="1" type="cond" truecount="1" falsecount="0"/>
        <line num="20" count="20" type="stmt"/>
        <line num="24" count="72" type="cond" truecount="5" falsecount="1"/>
        <line num="26" count="16" type="stmt"/>
        <line num="29" count="8" type="stmt"/>
        <line num="32" count="20" type="stmt"/>
        <line num="35" count="16" type="stmt"/>
        <line num="38" count="12" type="stmt"/>
        <line num="41" count="0" type="stmt"/>
        <line num="44" count="20" type="stmt"/>
        <line num="46" count="4" type="stmt"/>
      </file>
    </package>
  </project>
</coverage>
