{"/home/elena/frontend-project-46/src/buildTree.js": {"path":"/home/elena/frontend-project-46/src/buildTree.js","statementMap":{"0":{"start":{"line":3,"column":18},"end":{"line":26,"column":1}},"1":{"start":{"line":4,"column":16},"end":{"line":4,"column":33}},"2":{"start":{"line":5,"column":16},"end":{"line":5,"column":33}},"3":{"start":{"line":6,"column":15},"end":{"line":6,"column":46}},"4":{"start":{"line":8,"column":15},"end":{"line":24,"column":4}},"5":{"start":{"line":9,"column":4},"end":{"line":11,"column":5}},"6":{"start":{"line":10,"column":6},"end":{"line":10,"column":77}},"7":{"start":{"line":12,"column":4},"end":{"line":14,"column":5}},"8":{"start":{"line":13,"column":6},"end":{"line":13,"column":56}},"9":{"start":{"line":15,"column":4},"end":{"line":17,"column":5}},"10":{"start":{"line":16,"column":6},"end":{"line":16,"column":54}},"11":{"start":{"line":18,"column":4},"end":{"line":22,"column":5}},"12":{"start":{"line":19,"column":6},"end":{"line":21,"column":8}},"13":{"start":{"line":23,"column":4},"end":{"line":23,"column":56}},"14":{"start":{"line":25,"column":2},"end":{"line":25,"column":14}}},"fnMap":{"0":{"name":"(anonymous_0)","decl":{"start":{"line":3,"column":18},"end":{"line":3,"column":19}},"loc":{"start":{"line":3,"column":34},"end":{"line":26,"column":1}},"line":3},"1":{"name":"(anonymous_1)","decl":{"start":{"line":8,"column":24},"end":{"line":8,"column":25}},"loc":{"start":{"line":8,"column":33},"end":{"line":24,"column":3}},"line":8}},"branchMap":{"0":{"loc":{"start":{"line":9,"column":4},"end":{"line":11,"column":5}},"type":"if","locations":[{"start":{"line":9,"column":4},"end":{"line":11,"column":5}},{"start":{},"end":{}}],"line":9},"1":{"loc":{"start":{"line":9,"column":8},"end":{"line":9,"column":64}},"type":"binary-expr","locations":[{"start":{"line":9,"column":8},"end":{"line":9,"column":34}},{"start":{"line":9,"column":38},"end":{"line":9,"column":64}}],"line":9},"2":{"loc":{"start":{"line":12,"column":4},"end":{"line":14,"column":5}},"type":"if","locations":[{"start":{"line":12,"column":4},"end":{"line":14,"column":5}},{"start":{},"end":{}}],"line":12},"3":{"loc":{"start":{"line":15,"column":4},"end":{"line":17,"column":5}},"type":"if","locations":[{"start":{"line":15,"column":4},"end":{"line":17,"column":5}},{"start":{},"end":{}}],"line":15},"4":{"loc":{"start":{"line":18,"column":4},"end":{"line":22,"column":5}},"type":"if","locations":[{"start":{"line":18,"column":4},"end":{"line":22,"column":5}},{"start":{},"end":{}}],"line":18}},"s":{"0":1,"1":30,"2":30,"3":30,"4":30,"5":108,"6":24,"7":84,"8":12,"9":72,"10":30,"11":42,"12":24,"13":18,"14":30},"f":{"0":30,"1":108},"b":{"0":[24,84],"1":[108,36],"2":[12,72],"3":[30,42],"4":[24,18]},"_coverageSchema":"1a1c01bbd47fc00a2c39e90264f33305004495a9","hash":"d871e6308b9ebe180bab4b46c07d9dfeae419871"}
,"/home/elena/frontend-project-46/src/index.js": {"path":"/home/elena/frontend-project-46/src/index.js","statementMap":{"0":{"start":{"line":8,"column":16},"end":{"line":8,"column":59}},"1":{"start":{"line":8,"column":30},"end":{"line":8,"column":59}},"2":{"start":{"line":9,"column":18},"end":{"line":9,"column":54}},"3":{"start":{"line":9,"column":32},"end":{"line":9,"column":54}},"4":{"start":{"line":12,"column":16},"end":{"line":12,"column":34}},"5":{"start":{"line":13,"column":16},"end":{"line":13,"column":34}},"6":{"start":{"line":14,"column":16},"end":{"line":14,"column":48}},"7":{"start":{"line":15,"column":16},"end":{"line":15,"column":48}},"8":{"start":{"line":16,"column":21},"end":{"line":16,"column":51}},"9":{"start":{"line":17,"column":21},"end":{"line":17,"column":51}},"10":{"start":{"line":18,"column":2},"end":{"line":18,"column":67}}},"fnMap":{"0":{"name":"(anonymous_0)","decl":{"start":{"line":8,"column":16},"end":{"line":8,"column":17}},"loc":{"start":{"line":8,"column":30},"end":{"line":8,"column":59}},"line":8},"1":{"name":"(anonymous_1)","decl":{"start":{"line":9,"column":18},"end":{"line":9,"column":19}},"loc":{"start":{"line":9,"column":32},"end":{"line":9,"column":54}},"line":9},"2":{"name":"(anonymous_2)","decl":{"start":{"line":11,"column":15},"end":{"line":11,"column":16}},"loc":{"start":{"line":11,"column":65},"end":{"line":20,"column":1}},"line":11}},"branchMap":{"0":{"loc":{"start":{"line":11,"column":38},"end":{"line":11,"column":60}},"type":"default-arg","locations":[{"start":{"line":11,"column":51},"end":{"line":11,"column":60}}],"line":11}},"s":{"0":1,"1":12,"2":1,"3":12,"4":6,"5":6,"6":6,"7":6,"8":6,"9":6,"10":6},"f":{"0":12,"1":12,"2":6},"b":{"0":[0]},"_coverageSchema":"1a1c01bbd47fc00a2c39e90264f33305004495a9","hash":"6420a36843ff42a7175192e2bba58e8c16d5c750"}
,"/home/elena/frontend-project-46/src/parsers.js": {"path":"/home/elena/frontend-project-46/src/parsers.js","statementMap":{"0":{"start":{"line":3,"column":14},"end":{"line":13,"column":1}},"1":{"start":{"line":4,"column":2},"end":{"line":12,"column":3}},"2":{"start":{"line":7,"column":6},"end":{"line":7,"column":29}},"3":{"start":{"line":9,"column":6},"end":{"line":9,"column":30}},"4":{"start":{"line":11,"column":6},"end":{"line":11,"column":59}}},"fnMap":{"0":{"name":"(anonymous_0)","decl":{"start":{"line":3,"column":14},"end":{"line":3,"column":15}},"loc":{"start":{"line":3,"column":29},"end":{"line":13,"column":1}},"line":3}},"branchMap":{"0":{"loc":{"start":{"line":4,"column":2},"end":{"line":12,"column":3}},"type":"switch","locations":[{"start":{"line":5,"column":4},"end":{"line":5,"column":16}},{"start":{"line":6,"column":4},"end":{"line":7,"column":29}},{"start":{"line":8,"column":4},"end":{"line":9,"column":30}},{"start":{"line":10,"column":4},"end":{"line":11,"column":59}}],"line":4}},"s":{"0":1,"1":12,"2":6,"3":6,"4":0},"f":{"0":12},"b":{"0":[6,6,6,0]},"_coverageSchema":"1a1c01bbd47fc00a2c39e90264f33305004495a9","hash":"1d92bd7eeab3fbfb839409e2845d20c4a34274b6"}
,"/home/elena/frontend-project-46/src/formatters/index.js": {"path":"/home/elena/frontend-project-46/src/formatters/index.js","statementMap":{"0":{"start":{"line":6,"column":2},"end":{"line":15,"column":3}},"1":{"start":{"line":8,"column":6},"end":{"line":8,"column":27}},"2":{"start":{"line":10,"column":6},"end":{"line":10,"column":25}},"3":{"start":{"line":12,"column":6},"end":{"line":12,"column":24}},"4":{"start":{"line":14,"column":6},"end":{"line":14,"column":63}}},"fnMap":{"0":{"name":"(anonymous_0)","decl":{"start":{"line":5,"column":15},"end":{"line":5,"column":16}},"loc":{"start":{"line":5,"column":37},"end":{"line":16,"column":1}},"line":5}},"branchMap":{"0":{"loc":{"start":{"line":6,"column":2},"end":{"line":15,"column":3}},"type":"switch","locations":[{"start":{"line":7,"column":4},"end":{"line":8,"column":27}},{"start":{"line":9,"column":4},"end":{"line":10,"column":25}},{"start":{"line":11,"column":4},"end":{"line":12,"column":24}},{"start":{"line":13,"column":4},"end":{"line":14,"column":63}}],"line":6}},"s":{"0":6,"1":2,"2":2,"3":2,"4":0},"f":{"0":6},"b":{"0":[2,2,2,0]},"_coverageSchema":"1a1c01bbd47fc00a2c39e90264f33305004495a9","hash":"8e9888f573770c758228bf7f8c23cb3e20ee57b1"}
,"/home/elena/frontend-project-46/src/formatters/json.js": {"path":"/home/elena/frontend-project-46/src/formatters/json.js","statementMap":{"0":{"start":{"line":1,"column":25},"end":{"line":1,"column":54}}},"fnMap":{"0":{"name":"(anonymous_0)","decl":{"start":{"line":1,"column":15},"end":{"line":1,"column":16}},"loc":{"start":{"line":1,"column":25},"end":{"line":1,"column":54}},"line":1}},"branchMap":{},"s":{"0":2},"f":{"0":2},"b":{},"_coverageSchema":"1a1c01bbd47fc00a2c39e90264f33305004495a9","hash":"ceeadd3ee6b38ec4f73531a2f63d7825fa288514"}
,"/home/elena/frontend-project-46/src/formatters/plain.js": {"path":"/home/elena/frontend-project-46/src/formatters/plain.js","statementMap":{"0":{"start":{"line":3,"column":18},"end":{"line":11,"column":1}},"1":{"start":{"line":4,"column":2},"end":{"line":6,"column":3}},"2":{"start":{"line":5,"column":4},"end":{"line":5,"column":29}},"3":{"start":{"line":7,"column":2},"end":{"line":9,"column":3}},"4":{"start":{"line":8,"column":4},"end":{"line":8,"column":24}},"5":{"start":{"line":10,"column":2},"end":{"line":10,"column":23}},"6":{"start":{"line":13,"column":13},"end":{"line":39,"column":1}},"7":{"start":{"line":14,"column":17},"end":{"line":37,"column":6}},"8":{"start":{"line":15,"column":26},"end":{"line":15,"column":46}},"9":{"start":{"line":19,"column":19},"end":{"line":19,"column":40}},"10":{"start":{"line":20,"column":19},"end":{"line":20,"column":33}},"11":{"start":{"line":21,"column":6},"end":{"line":36,"column":7}},"12":{"start":{"line":23,"column":10},"end":{"line":23,"column":35}},"13":{"start":{"line":26,"column":10},"end":{"line":26,"column":50}},"14":{"start":{"line":29,"column":10},"end":{"line":29,"column":80}},"15":{"start":{"line":32,"column":10},"end":{"line":32,"column":101}},"16":{"start":{"line":35,"column":10},"end":{"line":35,"column":63}},"17":{"start":{"line":38,"column":2},"end":{"line":38,"column":16}},"18":{"start":{"line":41,"column":25},"end":{"line":41,"column":46}}},"fnMap":{"0":{"name":"(anonymous_0)","decl":{"start":{"line":3,"column":18},"end":{"line":3,"column":19}},"loc":{"start":{"line":3,"column":29},"end":{"line":11,"column":1}},"line":3},"1":{"name":"(anonymous_1)","decl":{"start":{"line":13,"column":13},"end":{"line":13,"column":14}},"loc":{"start":{"line":13,"column":41},"end":{"line":39,"column":1}},"line":13},"2":{"name":"(anonymous_2)","decl":{"start":{"line":15,"column":12},"end":{"line":15,"column":13}},"loc":{"start":{"line":15,"column":26},"end":{"line":15,"column":46}},"line":15},"3":{"name":"(anonymous_3)","decl":{"start":{"line":16,"column":13},"end":{"line":16,"column":14}},"loc":{"start":{"line":18,"column":10},"end":{"line":37,"column":5}},"line":18},"4":{"name":"(anonymous_4)","decl":{"start":{"line":41,"column":15},"end":{"line":41,"column":16}},"loc":{"start":{"line":41,"column":25},"end":{"line":41,"column":46}},"line":41}},"branchMap":{"0":{"loc":{"start":{"line":4,"column":2},"end":{"line":6,"column":3}},"type":"if","locations":[{"start":{"line":4,"column":2},"end":{"line":6,"column":3}},{"start":{},"end":{}}],"line":4},"1":{"loc":{"start":{"line":7,"column":2},"end":{"line":9,"column":3}},"type":"if","locations":[{"start":{"line":7,"column":2},"end":{"line":9,"column":3}},{"start":{},"end":{}}],"line":7},"2":{"loc":{"start":{"line":13,"column":20},"end":{"line":13,"column":36}},"type":"default-arg","locations":[{"start":{"line":13,"column":34},"end":{"line":13,"column":36}}],"line":13},"3":{"loc":{"start":{"line":21,"column":6},"end":{"line":36,"column":7}},"type":"switch","locations":[{"start":{"line":22,"column":8},"end":{"line":24,"column":9}},{"start":{"line":25,"column":8},"end":{"line":27,"column":9}},{"start":{"line":28,"column":8},"end":{"line":30,"column":9}},{"start":{"line":31,"column":8},"end":{"line":33,"column":9}},{"start":{"line":34,"column":8},"end":{"line":35,"column":63}}],"line":21}},"s":{"0":1,"1":26,"2":6,"3":20,"4":14,"5":6,"6":1,"7":10,"8":36,"9":30,"10":30,"11":30,"12":8,"13":4,"14":10,"15":8,"16":0,"17":10,"18":2},"f":{"0":26,"1":10,"2":36,"3":30,"4":2},"b":{"0":[6,20],"1":[14,6],"2":[2],"3":[8,4,10,8,0]},"_coverageSchema":"1a1c01bbd47fc00a2c39e90264f33305004495a9","hash":"fe7a933ba1f62c34900b3d2e7c5c411fb20994b5"}
,"/home/elena/frontend-project-46/src/formatters/stylish.js": {"path":"/home/elena/frontend-project-46/src/formatters/stylish.js","statementMap":{"0":{"start":{"line":3,"column":14},"end":{"line":3,"column":17}},"1":{"start":{"line":4,"column":20},"end":{"line":4,"column":24}},"2":{"start":{"line":5,"column":19},"end":{"line":5,"column":20}},"3":{"start":{"line":7,"column":18},"end":{"line":7,"column":74}},"4":{"start":{"line":7,"column":29},"end":{"line":7,"column":74}},"5":{"start":{"line":9,"column":18},"end":{"line":17,"column":1}},"6":{"start":{"line":10,"column":2},"end":{"line":12,"column":3}},"7":{"start":{"line":11,"column":4},"end":{"line":11,"column":25}},"8":{"start":{"line":13,"column":16},"end":{"line":15,"column":91}},"9":{"start":{"line":15,"column":25},"end":{"line":15,"column":90}},"10":{"start":{"line":16,"column":2},"end":{"line":16,"column":70}},"11":{"start":{"line":19,"column":13},"end":{"line":45,"column":1}},"12":{"start":{"line":20,"column":17},"end":{"line":43,"column":6}},"13":{"start":{"line":24,"column":6},"end":{"line":42,"column":7}},"14":{"start":{"line":26,"column":10},"end":{"line":26,"column":124}},"15":{"start":{"line":29,"column":10},"end":{"line":29,"column":75}},"16":{"start":{"line":32,"column":10},"end":{"line":32,"column":75}},"17":{"start":{"line":35,"column":10},"end":{"line":35,"column":134}},"18":{"start":{"line":38,"column":10},"end":{"line":38,"column":75}},"19":{"start":{"line":41,"column":10},"end":{"line":41,"column":83}},"20":{"start":{"line":44,"column":2},"end":{"line":44,"column":16}},"21":{"start":{"line":46,"column":25},"end":{"line":46,"column":57}}},"fnMap":{"0":{"name":"(anonymous_0)","decl":{"start":{"line":7,"column":18},"end":{"line":7,"column":19}},"loc":{"start":{"line":7,"column":29},"end":{"line":7,"column":74}},"line":7},"1":{"name":"(anonymous_1)","decl":{"start":{"line":9,"column":18},"end":{"line":9,"column":19}},"loc":{"start":{"line":9,"column":36},"end":{"line":17,"column":1}},"line":9},"2":{"name":"(anonymous_2)","decl":{"start":{"line":15,"column":9},"end":{"line":15,"column":10}},"loc":{"start":{"line":15,"column":25},"end":{"line":15,"column":90}},"line":15},"3":{"name":"(anonymous_3)","decl":{"start":{"line":19,"column":13},"end":{"line":19,"column":14}},"loc":{"start":{"line":19,"column":34},"end":{"line":45,"column":1}},"line":19},"4":{"name":"(anonymous_4)","decl":{"start":{"line":21,"column":13},"end":{"line":21,"column":14}},"loc":{"start":{"line":23,"column":10},"end":{"line":43,"column":5}},"line":23},"5":{"name":"(anonymous_5)","decl":{"start":{"line":46,"column":15},"end":{"line":46,"column":16}},"loc":{"start":{"line":46,"column":25},"end":{"line":46,"column":57}},"line":46}},"branchMap":{"0":{"loc":{"start":{"line":10,"column":2},"end":{"line":12,"column":3}},"type":"if","locations":[{"start":{"line":10,"column":2},"end":{"line":12,"column":3}},{"start":{},"end":{}}],"line":10},"1":{"loc":{"start":{"line":19,"column":20},"end":{"line":19,"column":29}},"type":"default-arg","locations":[{"start":{"line":19,"column":28},"end":{"line":19,"column":29}}],"line":19},"2":{"loc":{"start":{"line":24,"column":6},"end":{"line":42,"column":7}},"type":"switch","locations":[{"start":{"line":25,"column":8},"end":{"line":27,"column":9}},{"start":{"line":28,"column":8},"end":{"line":30,"column":9}},{"start":{"line":31,"column":8},"end":{"line":33,"column":9}},{"start":{"line":34,"column":8},"end":{"line":36,"column":9}},{"start":{"line":37,"column":8},"end":{"line":39,"column":9}},{"start":{"line":40,"column":8},"end":{"line":41,"column":83}}],"line":24}},"s":{"0":1,"1":1,"2":1,"3":1,"4":84,"5":1,"6":54,"7":40,"8":14,"9":18,"10":14,"11":1,"12":10,"13":36,"14":8,"15":4,"16":10,"17":8,"18":6,"19":0,"20":10,"21":2},"f":{"0":84,"1":54,"2":18,"3":10,"4":36,"5":2},"b":{"0":[40,14],"1":[2],"2":[8,4,10,8,6,0]},"_coverageSchema":"1a1c01bbd47fc00a2c39e90264f33305004495a9","hash":"9c80e889ff7436ab7b76c188811b736c8fa3c39d"}
}
