TN:
SF:src/genDiff.js
FN:3,(anonymous_0)
FN:8,(anonymous_1)
FNF:2
FNH:2
FNDA:2,(anonymous_0)
FNDA:10,(anonymous_1)
DA:3,1
DA:4,2
DA:5,2
DA:6,2
DA:8,2
DA:9,10
DA:10,10
DA:11,10
DA:13,10
DA:14,4
DA:15,6
DA:16,2
DA:17,4
DA:18,2
DA:19,2
DA:21,2
DA:23,10
DA:25,2
DA:26,2
DA:27,2
LF:20
LH:20
BRDA:13,0,0,4
BRDA:13,0,1,6
BRDA:15,1,0,2
BRDA:15,1,1,4
BRDA:17,2,0,2
BRDA:17,2,1,2
BRF:6
BRH:6
end_of_record
TN:
SF:src/index.js
FN:7,(anonymous_0)
FN:8,(anonymous_1)
FN:10,(anonymous_2)
FNF:3
FNH:3
FNDA:4,(anonymous_0)
FNDA:4,(anonymous_1)
FNDA:2,(anonymous_2)
DA:7,4
DA:8,4
DA:11,2
DA:12,2
DA:13,2
DA:14,2
DA:15,2
DA:16,2
DA:17,2
LF:9
LH:9
BRF:0
BRH:0
end_of_record
TN:
SF:src/parsers.js
FN:3,(anonymous_0)
FNF:1
FNH:1
FNDA:4,(anonymous_0)
DA:3,1
DA:4,4
DA:7,2
DA:9,2
DA:11,0
LF:5
LH:4
BRDA:4,0,0,2
BRDA:4,0,1,2
BRDA:4,0,2,2
BRDA:4,0,3,0
BRF:4
BRH:3
end_of_record
