TN:
SF:src/buildTree.js
FN:3,(anonymous_0)
FN:8,(anonymous_1)
FNF:2
FNH:2
FNDA:40,(anonymous_0)
FNDA:144,(anonymous_1)
DA:3,1
DA:4,40
DA:5,40
DA:6,40
DA:8,40
DA:9,144
DA:10,32
DA:12,112
DA:13,16
DA:15,96
DA:16,40
DA:18,56
DA:19,32
DA:23,24
DA:25,40
LF:15
LH:15
BRDA:9,0,0,32
BRDA:9,0,1,112
BRDA:9,1,0,144
BRDA:9,1,1,48
BRDA:12,2,0,16
BRDA:12,2,1,96
BRDA:15,3,0,40
BRDA:15,3,1,56
BRDA:18,4,0,32
BRDA:18,4,1,24
BRF:10
BRH:10
end_of_record
TN:
SF:src/index.js
FN:8,(anonymous_0)
FN:9,(anonymous_1)
FN:11,(anonymous_2)
FNF:3
FNH:3
FNDA:16,(anonymous_0)
FNDA:16,(anonymous_1)
FNDA:8,(anonymous_2)
DA:8,16
DA:9,16
DA:12,8
DA:13,8
DA:14,8
DA:15,8
DA:16,8
DA:17,8
DA:18,8
LF:9
LH:9
BRDA:11,0,0,2
BRF:1
BRH:1
end_of_record
TN:
SF:src/parsers.js
FN:3,(anonymous_0)
FNF:1
FNH:1
FNDA:16,(anonymous_0)
DA:3,1
DA:4,16
DA:7,8
DA:9,8
DA:11,0
LF:5
LH:4
BRDA:4,0,0,8
BRDA:4,0,1,8
BRDA:4,0,2,8
BRDA:4,0,3,0
BRF:4
BRH:3
end_of_record
TN:
SF:src/formatters/index.js
FN:5,(anonymous_0)
FNF:1
FNH:1
FNDA:8,(anonymous_0)
DA:6,8
DA:8,4
DA:10,2
DA:12,2
DA:14,0
LF:5
LH:4
BRDA:6,0,0,4
BRDA:6,0,1,2
BRDA:6,0,2,2
BRDA:6,0,3,0
BRF:4
BRH:3
end_of_record
TN:
SF:src/formatters/json.js
FN:1,(anonymous_0)
FNF:1
FNH:1
FNDA:2,(anonymous_0)
DA:1,2
LF:1
LH:1
BRF:0
BRH:0
end_of_record
TN:
SF:src/formatters/plain.js
FN:3,(anonymous_0)
FN:13,(anonymous_1)
FN:15,(anonymous_2)
FN:16,(anonymous_3)
FN:41,(anonymous_4)
FNF:5
FNH:5
FNDA:26,(anonymous_0)
FNDA:10,(anonymous_1)
FNDA:36,(anonymous_2)
FNDA:30,(anonymous_3)
FNDA:2,(anonymous_4)
DA:3,1
DA:4,26
DA:5,6
DA:7,20
DA:8,14
DA:10,6
DA:13,1
DA:14,10
DA:15,36
DA:19,30
DA:20,30
DA:21,30
DA:23,8
DA:26,4
DA:29,10
DA:32,8
DA:35,0
DA:38,10
DA:41,2
LF:19
LH:18
BRDA:4,0,0,6
BRDA:4,0,1,20
BRDA:7,1,0,14
BRDA:7,1,1,6
BRDA:13,2,0,2
BRDA:21,3,0,8
BRDA:21,3,1,4
BRDA:21,3,2,10
BRDA:21,3,3,8
BRDA:21,3,4,0
BRF:10
BRH:9
end_of_record
TN:
SF:src/formatters/stylish.js
FN:7,(anonymous_0)
FN:9,(anonymous_1)
FN:15,(anonymous_2)
FN:19,(anonymous_3)
FN:21,(anonymous_4)
FN:46,(anonymous_5)
FNF:6
FNH:6
FNDA:168,(anonymous_0)
FNDA:108,(anonymous_1)
FNDA:36,(anonymous_2)
FNDA:20,(anonymous_3)
FNDA:72,(anonymous_4)
FNDA:4,(anonymous_5)
DA:3,1
DA:4,1
DA:5,1
DA:7,168
DA:9,1
DA:10,108
DA:11,80
DA:13,28
DA:15,36
DA:16,28
DA:19,1
DA:20,20
DA:24,72
DA:26,16
DA:29,8
DA:32,20
DA:35,16
DA:38,12
DA:41,0
DA:44,20
DA:46,4
LF:21
LH:20
BRDA:10,0,0,80
BRDA:10,0,1,28
BRDA:19,1,0,4
BRDA:24,2,0,16
BRDA:24,2,1,8
BRDA:24,2,2,20
BRDA:24,2,3,16
BRDA:24,2,4,12
BRDA:24,2,5,0
BRF:9
BRH:8
end_of_record
